<?xml version="1.0" encoding="UTF-8"?>
<!-- Generated by org.testng.reporters.JUnitReportReporter -->
<testsuite hostname="Misbas-Air" failures="0" tests="1" name="TestRunner" time="25.893" errors="0" timestamp="2022-12-04T18:06:21 EST" skipped="0">
  <testcase classname="TestRunner" name="runScenario" time="25.893"/>
  <system-out/>
</testsuite> <!-- TestRunner -->
