<?xml version="1.0" encoding="UTF-8"?>
<!-- Generated by org.testng.reporters.JUnitReportReporter -->
<testsuite hostname="Misbas-Air" failures="0" tests="1" name="TestRunner" time="20.085" errors="0" timestamp="2022-10-31T21:34:17 EDT" skipped="0">
  <testcase classname="TestRunner" name="runScenario" time="20.085"/>
  <system-out/>
</testsuite> <!-- TestRunner -->
